<?xml version="1.0" encoding="UTF-8"?>
<!-- Generated by org.testng.reporters.JUnitReportReporter -->
<testsuite hostname="DESKTOP-EC1QUI4" failures="0" tests="1" name="com.Amazon.TestClasses.TC04_VerifySwitchToWindowFunctionality" time="81.321" errors="0" timestamp="2022-10-10T12:42:13 IST" skipped="0">
  <testcase classname="com.Amazon.TestClasses.TC04_VerifySwitchToWindowFunctionality" name="VerifySwitchToWindowFunctionality" time="81.321"/>
  <system-out/>
</testsuite> <!-- com.Amazon.TestClasses.TC04_VerifySwitchToWindowFunctionality -->
