<?xml version="1.0" encoding="UTF-8"?>
<!-- Generated by org.testng.reporters.JUnitReportReporter -->
<testsuite hostname="DESKTOP-EC1QUI4" failures="0" tests="1" name="com.Amazon.TestClasses.TC01_VerifyLoginFunctionality" time="85.489" errors="0" timestamp="2022-10-10T12:42:14 IST" skipped="0">
  <testcase classname="com.Amazon.TestClasses.TC01_VerifyLoginFunctionality" name="VerifyLoginFunctionality" time="85.489"/>
  <system-out/>
</testsuite> <!-- com.Amazon.TestClasses.TC01_VerifyLoginFunctionality -->
